{
  "RSpec": {
    "coverage": {
      "/Users/mariagetmanova/Desktop/Makers_Projects/Bank_tech_test/spec/bank_spec.rb": [
        1,
        null,
        1,
        null,
        1,
        null,
        1,
        1,
        null,
        null,
        1,
        1,
        null,
        null,
        10,
        10,
        2,
        2,
        2,
        2,
        null,
        1,
        1,
        1,
        1,
        null,
        null,
        1,
        1,
        1,
        null,
        null,
        null,
        null,
        1,
        null,
        1,
        1,
        null,
        null,
        1,
        1,
        1,
        null,
        null,
        1,
        1,
        1,
        null,
        null,
        null,
        1,
        null,
        1,
        1,
        2,
        null,
        null,
        null,
        null,
        null,
        1,
        1,
        1,
        1,
        null,
        null,
        1,
        1,
        1,
        null,
        null,
        1,
        1,
        1,
        null,
        null,
        null,
        null,
        1,
        null,
        null,
        1,
        1,
        1,
        null,
        1,
        null,
        null,
        null,
        null,
        null,
        1,
        1,
        null,
        null,
        null
      ],
      "/Users/mariagetmanova/Desktop/Makers_Projects/Bank_tech_test/lib/bank.rb": [
        1,
        1,
        1,
        1,
        null,
        null,
        1,
        1,
        1,
        null,
        1,
        null,
        1,
        12,
        12,
        12,
        null,
        null,
        1,
        2,
        2,
        2,
        2,
        null,
        null,
        1,
        4,
        4,
        3,
        3,
        3,
        3,
        null,
        null,
        1,
        1,
        null,
        null,
        1,
        null,
        1,
        4,
        null,
        null
      ],
      "/Users/mariagetmanova/Desktop/Makers_Projects/Bank_tech_test/lib/printer.rb": [
        1,
        null,
        null,
        1,
        1,
        null,
        1,
        1,
        1,
        null,
        null,
        1,
        null,
        1,
        1,
        1,
        1,
        3,
        null,
        null,
        null,
        1,
        null,
        null,
        1,
        3,
        null,
        null,
        1,
        3,
        null,
        null,
        1,
        6,
        null,
        null,
        1,
        3,
        null,
        null,
        1,
        4,
        null,
        null
      ],
      "/Users/mariagetmanova/Desktop/Makers_Projects/Bank_tech_test/lib/transaction.rb": [
        null,
        1,
        1,
        null,
        1,
        12,
        12,
        12,
        12,
        null,
        null
      ],
      "/Users/mariagetmanova/Desktop/Makers_Projects/Bank_tech_test/lib/transaction_list.rb": [
        1,
        1,
        1,
        12,
        null,
        null,
        1,
        5,
        null,
        null
      ],
      "/Users/mariagetmanova/Desktop/Makers_Projects/Bank_tech_test/spec/printer_spec.rb": [
        1,
        1,
        null,
        1,
        1,
        null,
        1,
        1,
        null,
        null,
        1,
        null,
        1,
        null,
        1,
        1,
        null,
        null,
        null,
        null,
        null,
        2,
        null,
        null,
        null
      ],
      "/Users/mariagetmanova/Desktop/Makers_Projects/Bank_tech_test/spec/transaction_spec.rb": [
        1,
        null,
        1,
        null,
        1,
        1,
        1,
        1,
        1,
        1,
        1,
        null,
        null,
        null
      ]
    },
    "timestamp": 1527258820
  }
}
